<?xml version="1.0" encoding="UTF-8" ?>
<testsuite tests="6" failures="0" name="com.bbva.aaaa.AAAAT00101COTransactionTest" time="1.964" errors="0" skipped="0">
  <properties>
[...]
</properties>
  <testcase classname="com.bbva.aaaa.AAAAT00101COTransactionTest" name="testNotMethodGET" time="1.864"/>
  <testcase classname="com.bbva.aaaa.AAAAT00101COTransactionTest" name="testNotNull" time="0.034"/>
  <testcase classname="com.bbva.aaaa.AAAAT00101COTransactionTest" name="testMethodGET" time="0.015"/>
  <testcase classname="com.bbva.aaaa.AAAAT00101COTransactionTest" name="testMethodGETDocumentType" time="0.025"/>
  <testcase classname="com.bbva.aaaa.AAAAT00101COTransactionTest" name="testMethodGETDocumentTypeOK" time="0.013"/>
  <testcase classname="com.bbva.aaaa.AAAAT00101COTransactionTest" name="testMethodGETNotDocumentType" time="0.013"/>
</testsuite>